<?xml version="1.0" encoding="UTF-8"?>
<coverage generated="1753720785483" clover="3.2.0">
  <project timestamp="1753720785483" name="All files">
    <metrics statements="14" coveredstatements="8" conditionals="9" coveredconditionals="4" methods="8" coveredmethods="4" elements="31" coveredelements="16" complexity="0" loc="14" ncloc="14" packages="1" files="1" classes="1"/>
    <file name="ComparableProduct.ts" path="/home/mts/Desktop/Projects/TS_Online_Bookstore_Backend/src/entities/impl/ComparableProduct.ts">
      <metrics statements="14" coveredstatements="8" conditionals="9" coveredconditionals="4" methods="8" coveredmethods="4"/>
      <line num="5" count="1" type="stmt"/>
      <line num="15" count="1" type="cond" truecount="1" falsecount="1"/>
      <line num="16" count="1" type="cond" truecount="1" falsecount="1"/>
      <line num="17" count="1" type="cond" truecount="1" falsecount="1"/>
      <line num="18" count="1" type="cond" truecount="1" falsecount="1"/>
      <line num="24" count="1" type="stmt"/>
      <line num="29" count="1" type="stmt"/>
      <line num="33" count="0" type="stmt"/>
      <line num="37" count="1" type="stmt"/>
      <line num="41" count="0" type="stmt"/>
      <line num="45" count="0" type="cond" truecount="0" falsecount="1"/>
      <line num="46" count="0" type="stmt"/>
      <line num="48" count="0" type="stmt"/>
      <line num="52" count="0" type="stmt"/>
    </file>
  </project>
</coverage>
