{"/home/mts/Desktop/Projects/TS_Online_Bookstore_Backend/src/entities/impl/ComparableProduct.ts": {"path":"/home/mts/Desktop/Projects/TS_Online_Bookstore_Backend/src/entities/impl/ComparableProduct.ts","statementMap":{"0":{"start":{"line":15,"column":2},"end":{"line":15,"column":20}},"1":{"start":{"line":16,"column":2},"end":{"line":16,"column":39}},"2":{"start":{"line":17,"column":2},"end":{"line":17,"column":41}},"3":{"start":{"line":18,"column":2},"end":{"line":18,"column":26}},"4":{"start":{"line":24,"column":2},"end":{"line":25,"column":71}},"5":{"start":{"line":29,"column":2},"end":{"line":29,"column":17}},"6":{"start":{"line":33,"column":2},"end":{"line":33,"column":26}},"7":{"start":{"line":37,"column":2},"end":{"line":37,"column":27}},"8":{"start":{"line":41,"column":2},"end":{"line":41,"column":20}},"9":{"start":{"line":45,"column":2},"end":{"line":47,"column":3}},"10":{"start":{"line":46,"column":3},"end":{"line":46,"column":47}},"11":{"start":{"line":48,"column":2},"end":{"line":48,"column":21}},"12":{"start":{"line":52,"column":2},"end":{"line":52,"column":40}},"13":{"start":{"line":5,"column":0},"end":{"line":5,"column":13}}},"fnMap":{"0":{"name":"(anonymous_0)","decl":{"start":{"line":14,"column":4},"end":{"line":14,"column":16}},"loc":{"start":{"line":14,"column":88},"end":{"line":19,"column":1}}},"1":{"name":"(anonymous_1)","decl":{"start":{"line":23,"column":8},"end":{"line":23,"column":16}},"loc":{"start":{"line":23,"column":16},"end":{"line":26,"column":2}}},"2":{"name":"(anonymous_2)","decl":{"start":{"line":28,"column":8},"end":{"line":28,"column":13}},"loc":{"start":{"line":28,"column":13},"end":{"line":30,"column":2}}},"3":{"name":"(anonymous_3)","decl":{"start":{"line":32,"column":8},"end":{"line":32,"column":22}},"loc":{"start":{"line":32,"column":22},"end":{"line":34,"column":2}}},"4":{"name":"(anonymous_4)","decl":{"start":{"line":36,"column":8},"end":{"line":36,"column":23}},"loc":{"start":{"line":36,"column":23},"end":{"line":38,"column":2}}},"5":{"name":"(anonymous_5)","decl":{"start":{"line":40,"column":8},"end":{"line":40,"column":16}},"loc":{"start":{"line":40,"column":16},"end":{"line":42,"column":2}}},"6":{"name":"(anonymous_6)","decl":{"start":{"line":44,"column":8},"end":{"line":44,"column":16}},"loc":{"start":{"line":44,"column":30},"end":{"line":49,"column":2}}},"7":{"name":"(anonymous_7)","decl":{"start":{"line":51,"column":8},"end":{"line":51,"column":17}},"loc":{"start":{"line":51,"column":39},"end":{"line":53,"column":2}}}},"branchMap":{"0":{"loc":{"start":{"line":15,"column":12},"end":{"line":15,"column":19}},"type":"binary-expr","locations":[{"start":{"line":15,"column":12},"end":{"line":15,"column":14}},{"start":{"line":15,"column":18},"end":{"line":15,"column":19}}]},"1":{"loc":{"start":{"line":16,"column":21},"end":{"line":16,"column":38}},"type":"binary-expr","locations":[{"start":{"line":16,"column":21},"end":{"line":16,"column":32}},{"start":{"line":16,"column":36},"end":{"line":16,"column":38}}]},"2":{"loc":{"start":{"line":17,"column":22},"end":{"line":17,"column":40}},"type":"binary-expr","locations":[{"start":{"line":17,"column":22},"end":{"line":17,"column":34}},{"start":{"line":17,"column":38},"end":{"line":17,"column":40}}]},"3":{"loc":{"start":{"line":18,"column":15},"end":{"line":18,"column":25}},"type":"binary-expr","locations":[{"start":{"line":18,"column":15},"end":{"line":18,"column":20}},{"start":{"line":18,"column":24},"end":{"line":18,"column":25}}]},"4":{"loc":{"start":{"line":45,"column":2},"end":{"line":47,"column":3}},"type":"if","locations":[{"start":{"line":45,"column":2},"end":{"line":47,"column":3}}]}},"s":{"0":2,"1":2,"2":2,"3":2,"4":1,"5":2,"6":1,"7":1,"8":2,"9":2,"10":1,"11":1,"12":1,"13":1},"f":{"0":2,"1":1,"2":2,"3":1,"4":1,"5":2,"6":2,"7":1},"b":{"0":[2,1],"1":[2,1],"2":[2,1],"3":[2,1],"4":[1]}}
}
