TN:
SF:./entities/impl/ComparableProduct.ts
FN:14,(anonymous_0)
FN:23,(anonymous_1)
FN:28,(anonymous_2)
FN:32,(anonymous_3)
FN:36,(anonymous_4)
FN:40,(anonymous_5)
FN:44,(anonymous_6)
FN:51,(anonymous_7)
FNF:8
FNH:8
FNDA:2,(anonymous_0)
FNDA:1,(anonymous_1)
FNDA:2,(anonymous_2)
FNDA:1,(anonymous_3)
FNDA:1,(anonymous_4)
FNDA:2,(anonymous_5)
FNDA:2,(anonymous_6)
FNDA:1,(anonymous_7)
DA:5,1
DA:15,2
DA:16,2
DA:17,2
DA:18,2
DA:24,1
DA:29,2
DA:33,1
DA:37,1
DA:41,2
DA:45,2
DA:46,1
DA:48,1
DA:52,1
LF:14
LH:14
BRDA:15,0,0,2
BRDA:15,0,1,1
BRDA:16,1,0,2
BRDA:16,1,1,1
BRDA:17,2,0,2
BRDA:17,2,1,1
BRDA:18,3,0,2
BRDA:18,3,1,1
BRDA:45,4,0,1
BRF:9
BRH:9
end_of_record
