TN:
SF:src/entities/impl/ComparableProduct.ts
FN:14,(anonymous_0)
FN:23,(anonymous_1)
FN:28,(anonymous_2)
FN:32,(anonymous_3)
FN:36,(anonymous_4)
FN:40,(anonymous_5)
FN:44,(anonymous_6)
FN:51,(anonymous_7)
FNF:8
FNH:4
FNDA:1,(anonymous_0)
FNDA:1,(anonymous_1)
FNDA:1,(anonymous_2)
FNDA:0,(anonymous_3)
FNDA:1,(anonymous_4)
FNDA:0,(anonymous_5)
FNDA:0,(anonymous_6)
FNDA:0,(anonymous_7)
DA:5,1
DA:15,1
DA:16,1
DA:17,1
DA:18,1
DA:24,1
DA:29,1
DA:33,0
DA:37,1
DA:41,0
DA:45,0
DA:46,0
DA:48,0
DA:52,0
LF:14
LH:8
BRDA:15,0,0,1
BRDA:15,0,1,0
BRDA:16,1,0,1
BRDA:16,1,1,0
BRDA:17,2,0,1
BRDA:17,2,1,0
BRDA:18,3,0,1
BRDA:18,3,1,0
BRDA:45,4,0,0
BRF:9
BRH:4
end_of_record
